---------------------------------------------------------------
[ 2018-11-16T00:23:03+08:00 ] 127.0.0.1 GET 127.0.0.1:8000/
[运行时间：0.190215s] [吞吐率：5.26req/s] [内存消耗：1,667.61kb] [文件加载：65]
[ info ] [ LANG ] /Users/jon/Documents/项目汇总/车自主/thinkphp/lang/zh-cn.php
[ info ] [ ROUTE ] array (
)
[ info ] [ HEADER ] array (
  'host' => '127.0.0.1:8000',
  'connection' => 'keep-alive',
  'upgrade-insecure-requests' => '1',
  'user-agent' => 'Mozilla/5.0 (Macintosh; Intel Mac OS X 10_14_0) AppleWebKit/537.36 (KHTML, like Gecko) Chrome/70.0.3538.102 Safari/537.36',
  'accept' => 'text/html,application/xhtml+xml,application/xml;q=0.9,image/webp,image/apng,*/*;q=0.8',
  'accept-encoding' => 'gzip, deflate, br',
  'accept-language' => 'zh-CN,zh;q=0.9',
)
[ info ] [ PARAM ] array (
)
[ error ] [0]不支持: redis[/Users/jon/Documents/项目汇总/车自主/extend/RedisPackage.php:26]
---------------------------------------------------------------
[ 2018-11-16T14:14:46+08:00 ] 127.0.0.1 GET 127.0.0.1:8000/
[运行时间：0.363148s] [吞吐率：2.75req/s] [内存消耗：1,667.63kb] [文件加载：65]
[ info ] [ LANG ] /Users/jon/Documents/项目汇总/车自主/thinkphp/lang/zh-cn.php
[ info ] [ ROUTE ] array (
)
[ info ] [ HEADER ] array (
  'host' => '127.0.0.1:8000',
  'connection' => 'keep-alive',
  'upgrade-insecure-requests' => '1',
  'user-agent' => 'Mozilla/5.0 (Macintosh; Intel Mac OS X 10_14_0) AppleWebKit/537.36 (KHTML, like Gecko) Chrome/70.0.3538.102 Safari/537.36',
  'accept' => 'text/html,application/xhtml+xml,application/xml;q=0.9,image/webp,image/apng,*/*;q=0.8',
  'accept-encoding' => 'gzip, deflate, br',
  'accept-language' => 'zh-CN,zh;q=0.9',
)
[ info ] [ PARAM ] array (
)
[ error ] [0]不支持: redis[/Users/jon/Documents/项目汇总/车自主/extend/RedisPackage.php:26]
---------------------------------------------------------------
[ 2018-11-16T14:15:16+08:00 ] 127.0.0.1 GET 127.0.0.1:8000/
[运行时间：0.080820s] [吞吐率：12.37req/s] [内存消耗：1,582.83kb] [文件加载：61]
[ info ] [ LANG ] /Users/jon/Documents/项目汇总/车自主/thinkphp/lang/zh-cn.php
[ info ] [ ROUTE ] array (
)
[ info ] [ HEADER ] array (
  'host' => '127.0.0.1:8000',
  'connection' => 'keep-alive',
  'cache-control' => 'max-age=0',
  'upgrade-insecure-requests' => '1',
  'user-agent' => 'Mozilla/5.0 (Macintosh; Intel Mac OS X 10_14_0) AppleWebKit/537.36 (KHTML, like Gecko) Chrome/70.0.3538.102 Safari/537.36',
  'accept' => 'text/html,application/xhtml+xml,application/xml;q=0.9,image/webp,image/apng,*/*;q=0.8',
  'accept-encoding' => 'gzip, deflate, br',
  'accept-language' => 'zh-CN,zh;q=0.9',
)
[ info ] [ PARAM ] array (
)
---------------------------------------------------------------
[ 2018-11-16T14:29:01+08:00 ] 127.0.0.1 GET 127.0.0.1:8000/
[运行时间：0.042397s] [吞吐率：23.59req/s] [内存消耗：1,622.90kb] [文件加载：63]
[ info ] [ LANG ] /Users/jon/Documents/项目汇总/车自主/thinkphp/lang/zh-cn.php
[ info ] [ ROUTE ] array (
)
[ info ] [ HEADER ] array (
  'host' => '127.0.0.1:8000',
  'connection' => 'keep-alive',
  'cache-control' => 'max-age=0',
  'upgrade-insecure-requests' => '1',
  'user-agent' => 'Mozilla/5.0 (Macintosh; Intel Mac OS X 10_14_0) AppleWebKit/537.36 (KHTML, like Gecko) Chrome/70.0.3538.102 Safari/537.36',
  'accept' => 'text/html,application/xhtml+xml,application/xml;q=0.9,image/webp,image/apng,*/*;q=0.8',
  'accept-encoding' => 'gzip, deflate, br',
  'accept-language' => 'zh-CN,zh;q=0.9',
)
[ info ] [ PARAM ] array (
)
[ info ] [ VIEW ] /Users/jon/Documents/项目汇总/车自主/application/index/view/index/index.html [ array (
) ]
---------------------------------------------------------------
[ 2018-11-16T14:29:02+08:00 ] 127.0.0.1 GET 127.0.0.1:8000/index/index/indexdata/
[运行时间：0.186390s] [吞吐率：5.37req/s] [内存消耗：2,946.16kb] [文件加载：78]
[ info ] [ LANG ] /Users/jon/Documents/项目汇总/车自主/thinkphp/lang/zh-cn.php
[ info ] [ ROUTE ] array (
)
[ info ] [ HEADER ] array (
  'host' => '127.0.0.1:8000',
  'connection' => 'keep-alive',
  'accept' => 'application/json, text/plain, */*',
  'user-agent' => 'Mozilla/5.0 (Macintosh; Intel Mac OS X 10_14_0) AppleWebKit/537.36 (KHTML, like Gecko) Chrome/70.0.3538.102 Safari/537.36',
  'referer' => 'http://127.0.0.1:8000/',
  'accept-encoding' => 'gzip, deflate, br',
  'accept-language' => 'zh-CN,zh;q=0.9',
)
[ info ] [ PARAM ] array (
)
[ info ] [ DB ] INIT mysql
[ sql ] [ DB ] CONNECT:[ UseTime:0.032981s ] mysql:host=127.0.0.1;dbname=czz;charset=utf8
[ sql ] [ SQL ] SHOW COLUMNS FROM `clt_city` [ RunTime:0.055418s ]
[ sql ] [ SQL ] SELECT * FROM `clt_city` [ RunTime:0.020261s ]
[ sql ] [ SQL ] SHOW COLUMNS FROM `clt_featured` [ RunTime:0.018051s ]
[ sql ] [ SQL ] SELECT * FROM `clt_featured` [ RunTime:0.001566s ]
---------------------------------------------------------------
[ 2018-11-16T14:29:05+08:00 ] 127.0.0.1 GET 127.0.0.1:8000/bis
[运行时间：0.057164s] [吞吐率：17.49req/s] [内存消耗：1,700.88kb] [文件加载：69]
[ info ] [ LANG ] /Users/jon/Documents/项目汇总/车自主/thinkphp/lang/zh-cn.php
[ info ] [ ROUTE ] array (
)
[ info ] [ HEADER ] array (
  'host' => '127.0.0.1:8000',
  'connection' => 'keep-alive',
  'upgrade-insecure-requests' => '1',
  'user-agent' => 'Mozilla/5.0 (Macintosh; Intel Mac OS X 10_14_0) AppleWebKit/537.36 (KHTML, like Gecko) Chrome/70.0.3538.102 Safari/537.36',
  'accept' => 'text/html,application/xhtml+xml,application/xml;q=0.9,image/webp,image/apng,*/*;q=0.8',
  'accept-encoding' => 'gzip, deflate, br',
  'accept-language' => 'zh-CN,zh;q=0.9',
)
[ info ] [ PARAM ] array (
)
[ info ] [ VIEW ] /Users/jon/Documents/项目汇总/车自主/application/bis/view/index/index.html [ array (
) ]
---------------------------------------------------------------
[ 2018-11-16T14:29:08+08:00 ] 127.0.0.1 GET 127.0.0.1:8000/bis/location/index.html
[运行时间：0.034354s] [吞吐率：29.11req/s] [内存消耗：1,693.31kb] [文件加载：69]
[ info ] [ LANG ] /Users/jon/Documents/项目汇总/车自主/thinkphp/lang/zh-cn.php
[ info ] [ ROUTE ] array (
)
[ info ] [ HEADER ] array (
  'host' => '127.0.0.1:8000',
  'connection' => 'keep-alive',
  'upgrade-insecure-requests' => '1',
  'user-agent' => 'Mozilla/5.0 (Macintosh; Intel Mac OS X 10_14_0) AppleWebKit/537.36 (KHTML, like Gecko) Chrome/70.0.3538.102 Safari/537.36',
  'accept' => 'text/html,application/xhtml+xml,application/xml;q=0.9,image/webp,image/apng,*/*;q=0.8',
  'referer' => 'http://127.0.0.1:8000/bis',
  'accept-encoding' => 'gzip, deflate, br',
  'accept-language' => 'zh-CN,zh;q=0.9',
  'cookie' => 'PHPSESSID=620948b09c9500e3480e438d72677331',
)
[ info ] [ PARAM ] array (
)
[ error ] [8]Trying to get property of non-object[/Users/jon/Documents/项目汇总/车自主/application/bis/controller/Location.php:13]
---------------------------------------------------------------
[ 2018-11-16T14:29:10+08:00 ] 127.0.0.1 GET 127.0.0.1:8000/bis/login/logout.html
[运行时间：0.037753s] [吞吐率：26.49req/s] [内存消耗：1,697.81kb] [文件加载：67]
[ info ] [ LANG ] /Users/jon/Documents/项目汇总/车自主/thinkphp/lang/zh-cn.php
[ info ] [ ROUTE ] array (
)
[ info ] [ HEADER ] array (
  'host' => '127.0.0.1:8000',
  'connection' => 'keep-alive',
  'upgrade-insecure-requests' => '1',
  'user-agent' => 'Mozilla/5.0 (Macintosh; Intel Mac OS X 10_14_0) AppleWebKit/537.36 (KHTML, like Gecko) Chrome/70.0.3538.102 Safari/537.36',
  'accept' => 'text/html,application/xhtml+xml,application/xml;q=0.9,image/webp,image/apng,*/*;q=0.8',
  'referer' => 'http://127.0.0.1:8000/bis',
  'accept-encoding' => 'gzip, deflate, br',
  'accept-language' => 'zh-CN,zh;q=0.9',
  'cookie' => 'PHPSESSID=620948b09c9500e3480e438d72677331',
)
[ info ] [ PARAM ] array (
)
---------------------------------------------------------------
[ 2018-11-16T14:29:10+08:00 ] 127.0.0.1 GET 127.0.0.1:8000/bis/login/index.html
[运行时间：0.026066s] [吞吐率：38.36req/s] [内存消耗：1,839.01kb] [文件加载：69]
[ info ] [ LANG ] /Users/jon/Documents/项目汇总/车自主/thinkphp/lang/zh-cn.php
[ info ] [ ROUTE ] array (
)
[ info ] [ HEADER ] array (
  'host' => '127.0.0.1:8000',
  'connection' => 'keep-alive',
  'upgrade-insecure-requests' => '1',
  'user-agent' => 'Mozilla/5.0 (Macintosh; Intel Mac OS X 10_14_0) AppleWebKit/537.36 (KHTML, like Gecko) Chrome/70.0.3538.102 Safari/537.36',
  'accept' => 'text/html,application/xhtml+xml,application/xml;q=0.9,image/webp,image/apng,*/*;q=0.8',
  'referer' => 'http://127.0.0.1:8000/bis',
  'accept-encoding' => 'gzip, deflate, br',
  'accept-language' => 'zh-CN,zh;q=0.9',
  'cookie' => 'PHPSESSID=620948b09c9500e3480e438d72677331',
)
[ info ] [ PARAM ] array (
)
[ info ] [ VIEW ] /Users/jon/Documents/项目汇总/车自主/application/bis/view/login/index.html [ array (
) ]
---------------------------------------------------------------
[ 2018-11-16T14:29:18+08:00 ] 127.0.0.1 POST 127.0.0.1:8000/bis/login/index.html
[运行时间：0.129118s] [吞吐率：7.74req/s] [内存消耗：2,900.56kb] [文件加载：82]
[ info ] [ LANG ] /Users/jon/Documents/项目汇总/车自主/thinkphp/lang/zh-cn.php
[ info ] [ ROUTE ] array (
)
[ info ] [ HEADER ] array (
  'host' => '127.0.0.1:8000',
  'connection' => 'keep-alive',
  'content-length' => '37',
  'cache-control' => 'max-age=0',
  'origin' => 'http://127.0.0.1:8000',
  'upgrade-insecure-requests' => '1',
  'content-type' => 'application/x-www-form-urlencoded',
  'user-agent' => 'Mozilla/5.0 (Macintosh; Intel Mac OS X 10_14_0) AppleWebKit/537.36 (KHTML, like Gecko) Chrome/70.0.3538.102 Safari/537.36',
  'accept' => 'text/html,application/xhtml+xml,application/xml;q=0.9,image/webp,image/apng,*/*;q=0.8',
  'referer' => 'http://127.0.0.1:8000/bis/login/index.html',
  'accept-encoding' => 'gzip, deflate, br',
  'accept-language' => 'zh-CN,zh;q=0.9',
  'cookie' => 'PHPSESSID=620948b09c9500e3480e438d72677331',
)
[ info ] [ PARAM ] array (
  'username' => 'liangzexiang',
  'password' => '123456',
)
[ info ] [ DB ] INIT mysql
[ info ] [ VIEW ] /Users/jon/Documents/项目汇总/车自主/thinkphp/tpl/dispatch_jump.tpl [ array (
  0 => 'code',
  1 => 'msg',
  2 => 'data',
  3 => 'url',
  4 => 'wait',
) ]
[ sql ] [ DB ] CONNECT:[ UseTime:0.001164s ] mysql:host=127.0.0.1;dbname=czz;charset=utf8
[ sql ] [ SQL ] SHOW COLUMNS FROM `clt_bisaccount` [ RunTime:0.022569s ]
[ sql ] [ SQL ] SELECT * FROM `clt_bisaccount` WHERE  `username` = 'liangzexiang' LIMIT 1 [ RunTime:0.020642s ]
[ sql ] [ SQL ] UPDATE `clt_bisaccount`  SET `last_login_ip` = '1542349758' , `update_time` = 1542349758  WHERE  `id` = 15 [ RunTime:0.019424s ]
---------------------------------------------------------------
[ 2018-11-16T14:29:20+08:00 ] 127.0.0.1 GET 127.0.0.1:8000/bis/index/index.html
[运行时间：0.024851s] [吞吐率：40.24req/s] [内存消耗：2,065.98kb] [文件加载：77]
[ info ] [ LANG ] /Users/jon/Documents/项目汇总/车自主/thinkphp/lang/zh-cn.php
[ info ] [ ROUTE ] array (
)
[ info ] [ HEADER ] array (
  'host' => '127.0.0.1:8000',
  'connection' => 'keep-alive',
  'upgrade-insecure-requests' => '1',
  'user-agent' => 'Mozilla/5.0 (Macintosh; Intel Mac OS X 10_14_0) AppleWebKit/537.36 (KHTML, like Gecko) Chrome/70.0.3538.102 Safari/537.36',
  'accept' => 'text/html,application/xhtml+xml,application/xml;q=0.9,image/webp,image/apng,*/*;q=0.8',
  'referer' => 'http://127.0.0.1:8000/bis/login/index.html',
  'accept-encoding' => 'gzip, deflate, br',
  'accept-language' => 'zh-CN,zh;q=0.9',
  'cookie' => 'PHPSESSID=620948b09c9500e3480e438d72677331',
)
[ info ] [ PARAM ] array (
)
[ info ] [ VIEW ] /Users/jon/Documents/项目汇总/车自主/application/bis/view/index/index.html [ array (
) ]
---------------------------------------------------------------
[ 2018-11-16T14:29:21+08:00 ] 127.0.0.1 GET 127.0.0.1:8000/bis/location/index.html
[运行时间：0.056750s] [吞吐率：17.62req/s] [内存消耗：3,114.34kb] [文件加载：86]
[ info ] [ LANG ] /Users/jon/Documents/项目汇总/车自主/thinkphp/lang/zh-cn.php
[ info ] [ ROUTE ] array (
)
[ info ] [ HEADER ] array (
  'host' => '127.0.0.1:8000',
  'connection' => 'keep-alive',
  'upgrade-insecure-requests' => '1',
  'user-agent' => 'Mozilla/5.0 (Macintosh; Intel Mac OS X 10_14_0) AppleWebKit/537.36 (KHTML, like Gecko) Chrome/70.0.3538.102 Safari/537.36',
  'accept' => 'text/html,application/xhtml+xml,application/xml;q=0.9,image/webp,image/apng,*/*;q=0.8',
  'referer' => 'http://127.0.0.1:8000/bis/index/index.html',
  'accept-encoding' => 'gzip, deflate, br',
  'accept-language' => 'zh-CN,zh;q=0.9',
  'cookie' => 'PHPSESSID=620948b09c9500e3480e438d72677331',
)
[ info ] [ PARAM ] array (
)
[ info ] [ DB ] INIT mysql
[ info ] [ VIEW ] /Users/jon/Documents/项目汇总/车自主/application/bis/view/location/index.html [ array (
  0 => 'Bislocation',
) ]
[ sql ] [ DB ] CONNECT:[ UseTime:0.000489s ] mysql:host=127.0.0.1;dbname=czz;charset=utf8
[ sql ] [ SQL ] SHOW COLUMNS FROM `clt_bislocation` [ RunTime:0.004139s ]
[ sql ] [ SQL ] SELECT COUNT(*) AS tp_count FROM `clt_bislocation` WHERE  `bis_id` = 100 LIMIT 1 [ RunTime:0.001794s ]
[ sql ] [ SQL ] SELECT * FROM `clt_bislocation` WHERE  `bis_id` = 100 ORDER BY `id` DESC LIMIT 0,15 [ RunTime:0.001513s ]
---------------------------------------------------------------
[ 2018-11-16T14:41:24+08:00 ] 127.0.0.1 GET 127.0.0.1:8000/bis/deal/add.html
[运行时间：0.091896s] [吞吐率：10.88req/s] [内存消耗：3,316.30kb] [文件加载：91]
[ info ] [ LANG ] /Users/jon/Documents/项目汇总/车自主/thinkphp/lang/zh-cn.php
[ info ] [ ROUTE ] array (
)
[ info ] [ HEADER ] array (
  'host' => '127.0.0.1:8000',
  'connection' => 'keep-alive',
  'upgrade-insecure-requests' => '1',
  'user-agent' => 'Mozilla/5.0 (Macintosh; Intel Mac OS X 10_14_0) AppleWebKit/537.36 (KHTML, like Gecko) Chrome/70.0.3538.102 Safari/537.36',
  'accept' => 'text/html,application/xhtml+xml,application/xml;q=0.9,image/webp,image/apng,*/*;q=0.8',
  'referer' => 'http://127.0.0.1:8000/bis/index/index.html',
  'accept-encoding' => 'gzip, deflate, br',
  'accept-language' => 'zh-CN,zh;q=0.9',
  'cookie' => 'PHPSESSID=620948b09c9500e3480e438d72677331',
)
[ info ] [ PARAM ] array (
)
[ info ] [ DB ] INIT mysql
[ info ] [ VIEW ] /Users/jon/Documents/项目汇总/车自主/application/bis/view/deal/add.html [ array (
  0 => 'citys',
  1 => 'categorys',
  2 => 'bislocation',
  3 => 'server',
) ]
[ sql ] [ DB ] CONNECT:[ UseTime:0.000564s ] mysql:host=127.0.0.1;dbname=czz;charset=utf8
[ sql ] [ SQL ] SHOW COLUMNS FROM `clt_category` [ RunTime:0.007207s ]
[ sql ] [ SQL ] SELECT * FROM `clt_category` [ RunTime:0.000645s ]
[ sql ] [ SQL ] SHOW COLUMNS FROM `clt_city` [ RunTime:0.005575s ]
[ sql ] [ SQL ] SELECT * FROM `clt_city` WHERE  `status` = 1  AND `parent_id` = 0 ORDER BY `id` DESC [ RunTime:0.004184s ]
[ sql ] [ SQL ] SELECT * FROM `clt_category` WHERE  `status` = 1  AND `parent_id` = 0 ORDER BY `listoreder` DESC,`id` DESC [ RunTime:0.002018s ]
[ sql ] [ SQL ] SHOW COLUMNS FROM `clt_bislocation` [ RunTime:0.005021s ]
[ sql ] [ SQL ] SELECT * FROM `clt_bislocation` WHERE  `bis_id` = 100  AND `status` = 1 ORDER BY `id` DESC [ RunTime:0.000512s ]
[ error ] [8]未定义变量: category[/Users/jon/Documents/项目汇总/车自主/runtime/temp/dea59293eda4047ac468d10ce179cd5f.php:123]
---------------------------------------------------------------
[ 2018-11-16T14:41:26+08:00 ] 127.0.0.1 GET 127.0.0.1:8000/bis/deal/index.html
[运行时间：0.053550s] [吞吐率：18.67req/s] [内存消耗：3,090.66kb] [文件加载：84]
[ info ] [ LANG ] /Users/jon/Documents/项目汇总/车自主/thinkphp/lang/zh-cn.php
[ info ] [ ROUTE ] array (
)
[ info ] [ HEADER ] array (
  'host' => '127.0.0.1:8000',
  'connection' => 'keep-alive',
  'upgrade-insecure-requests' => '1',
  'user-agent' => 'Mozilla/5.0 (Macintosh; Intel Mac OS X 10_14_0) AppleWebKit/537.36 (KHTML, like Gecko) Chrome/70.0.3538.102 Safari/537.36',
  'accept' => 'text/html,application/xhtml+xml,application/xml;q=0.9,image/webp,image/apng,*/*;q=0.8',
  'referer' => 'http://127.0.0.1:8000/bis/index/index.html',
  'accept-encoding' => 'gzip, deflate, br',
  'accept-language' => 'zh-CN,zh;q=0.9',
  'cookie' => 'PHPSESSID=620948b09c9500e3480e438d72677331',
)
[ info ] [ PARAM ] array (
)
[ info ] [ DB ] INIT mysql
[ info ] [ VIEW ] /Users/jon/Documents/项目汇总/车自主/application/bis/view/deal/index.html [ array (
  0 => 'data',
) ]
[ sql ] [ DB ] CONNECT:[ UseTime:0.000507s ] mysql:host=127.0.0.1;dbname=czz;charset=utf8
[ sql ] [ SQL ] SHOW COLUMNS FROM `clt_deal` [ RunTime:0.004430s ]
[ sql ] [ SQL ] SELECT COUNT(*) AS tp_count FROM `clt_deal` LIMIT 1 [ RunTime:0.000438s ]
[ sql ] [ SQL ] SELECT * FROM `clt_deal` LIMIT 0,10 [ RunTime:0.001767s ]
---------------------------------------------------------------
[ 2018-11-16T14:41:26+08:00 ] 127.0.0.1 GET 127.0.0.1:8000/bis/deal/add.html
[运行时间：0.061395s] [吞吐率：16.29req/s] [内存消耗：3,157.11kb] [文件加载：89]
[ info ] [ LANG ] /Users/jon/Documents/项目汇总/车自主/thinkphp/lang/zh-cn.php
[ info ] [ ROUTE ] array (
)
[ info ] [ HEADER ] array (
  'host' => '127.0.0.1:8000',
  'connection' => 'keep-alive',
  'upgrade-insecure-requests' => '1',
  'user-agent' => 'Mozilla/5.0 (Macintosh; Intel Mac OS X 10_14_0) AppleWebKit/537.36 (KHTML, like Gecko) Chrome/70.0.3538.102 Safari/537.36',
  'accept' => 'text/html,application/xhtml+xml,application/xml;q=0.9,image/webp,image/apng,*/*;q=0.8',
  'referer' => 'http://127.0.0.1:8000/bis/index/index.html',
  'accept-encoding' => 'gzip, deflate, br',
  'accept-language' => 'zh-CN,zh;q=0.9',
  'cookie' => 'PHPSESSID=620948b09c9500e3480e438d72677331',
)
[ info ] [ PARAM ] array (
)
[ info ] [ DB ] INIT mysql
[ info ] [ VIEW ] /Users/jon/Documents/项目汇总/车自主/application/bis/view/deal/add.html [ array (
  0 => 'citys',
  1 => 'categorys',
  2 => 'bislocation',
  3 => 'server',
) ]
[ sql ] [ DB ] CONNECT:[ UseTime:0.001056s ] mysql:host=127.0.0.1;dbname=czz;charset=utf8
[ sql ] [ SQL ] SHOW COLUMNS FROM `clt_category` [ RunTime:0.004491s ]
[ sql ] [ SQL ] SELECT * FROM `clt_category` [ RunTime:0.000475s ]
[ sql ] [ SQL ] SHOW COLUMNS FROM `clt_city` [ RunTime:0.003282s ]
[ sql ] [ SQL ] SELECT * FROM `clt_city` WHERE  `status` = 1  AND `parent_id` = 0 ORDER BY `id` DESC [ RunTime:0.000659s ]
[ sql ] [ SQL ] SELECT * FROM `clt_category` WHERE  `status` = 1  AND `parent_id` = 0 ORDER BY `listoreder` DESC,`id` DESC [ RunTime:0.000473s ]
[ sql ] [ SQL ] SHOW COLUMNS FROM `clt_bislocation` [ RunTime:0.002838s ]
[ sql ] [ SQL ] SELECT * FROM `clt_bislocation` WHERE  `bis_id` = 100  AND `status` = 1 ORDER BY `id` DESC [ RunTime:0.000739s ]
[ error ] [8]未定义变量: category[/Users/jon/Documents/项目汇总/车自主/runtime/temp/dea59293eda4047ac468d10ce179cd5f.php:123]
---------------------------------------------------------------
[ 2018-11-16T14:41:30+08:00 ] 127.0.0.1 GET 127.0.0.1:8000/bis/deal/add.html
[运行时间：0.043827s] [吞吐率：22.82req/s] [内存消耗：3,157.11kb] [文件加载：89]
[ info ] [ LANG ] /Users/jon/Documents/项目汇总/车自主/thinkphp/lang/zh-cn.php
[ info ] [ ROUTE ] array (
)
[ info ] [ HEADER ] array (
  'host' => '127.0.0.1:8000',
  'connection' => 'keep-alive',
  'upgrade-insecure-requests' => '1',
  'user-agent' => 'Mozilla/5.0 (Macintosh; Intel Mac OS X 10_14_0) AppleWebKit/537.36 (KHTML, like Gecko) Chrome/70.0.3538.102 Safari/537.36',
  'accept' => 'text/html,application/xhtml+xml,application/xml;q=0.9,image/webp,image/apng,*/*;q=0.8',
  'referer' => 'http://127.0.0.1:8000/bis/index/index.html',
  'accept-encoding' => 'gzip, deflate, br',
  'accept-language' => 'zh-CN,zh;q=0.9',
  'cookie' => 'PHPSESSID=620948b09c9500e3480e438d72677331',
)
[ info ] [ PARAM ] array (
)
[ info ] [ DB ] INIT mysql
[ info ] [ VIEW ] /Users/jon/Documents/项目汇总/车自主/application/bis/view/deal/add.html [ array (
  0 => 'citys',
  1 => 'categorys',
  2 => 'bislocation',
  3 => 'server',
) ]
[ sql ] [ DB ] CONNECT:[ UseTime:0.000574s ] mysql:host=127.0.0.1;dbname=czz;charset=utf8
[ sql ] [ SQL ] SHOW COLUMNS FROM `clt_category` [ RunTime:0.003746s ]
[ sql ] [ SQL ] SELECT * FROM `clt_category` [ RunTime:0.000413s ]
[ sql ] [ SQL ] SHOW COLUMNS FROM `clt_city` [ RunTime:0.002743s ]
[ sql ] [ SQL ] SELECT * FROM `clt_city` WHERE  `status` = 1  AND `parent_id` = 0 ORDER BY `id` DESC [ RunTime:0.000514s ]
[ sql ] [ SQL ] SELECT * FROM `clt_category` WHERE  `status` = 1  AND `parent_id` = 0 ORDER BY `listoreder` DESC,`id` DESC [ RunTime:0.000456s ]
[ sql ] [ SQL ] SHOW COLUMNS FROM `clt_bislocation` [ RunTime:0.004075s ]
[ sql ] [ SQL ] SELECT * FROM `clt_bislocation` WHERE  `bis_id` = 100  AND `status` = 1 ORDER BY `id` DESC [ RunTime:0.000543s ]
[ error ] [8]未定义变量: category[/Users/jon/Documents/项目汇总/车自主/runtime/temp/dea59293eda4047ac468d10ce179cd5f.php:123]
---------------------------------------------------------------
[ 2018-11-16T14:41:30+08:00 ] 127.0.0.1 GET 127.0.0.1:8000/bis/deal/index.html
[运行时间：0.039504s] [吞吐率：25.31req/s] [内存消耗：3,090.66kb] [文件加载：84]
[ info ] [ LANG ] /Users/jon/Documents/项目汇总/车自主/thinkphp/lang/zh-cn.php
[ info ] [ ROUTE ] array (
)
[ info ] [ HEADER ] array (
  'host' => '127.0.0.1:8000',
  'connection' => 'keep-alive',
  'upgrade-insecure-requests' => '1',
  'user-agent' => 'Mozilla/5.0 (Macintosh; Intel Mac OS X 10_14_0) AppleWebKit/537.36 (KHTML, like Gecko) Chrome/70.0.3538.102 Safari/537.36',
  'accept' => 'text/html,application/xhtml+xml,application/xml;q=0.9,image/webp,image/apng,*/*;q=0.8',
  'referer' => 'http://127.0.0.1:8000/bis/index/index.html',
  'accept-encoding' => 'gzip, deflate, br',
  'accept-language' => 'zh-CN,zh;q=0.9',
  'cookie' => 'PHPSESSID=620948b09c9500e3480e438d72677331',
)
[ info ] [ PARAM ] array (
)
[ info ] [ DB ] INIT mysql
[ info ] [ VIEW ] /Users/jon/Documents/项目汇总/车自主/application/bis/view/deal/index.html [ array (
  0 => 'data',
) ]
[ sql ] [ DB ] CONNECT:[ UseTime:0.000459s ] mysql:host=127.0.0.1;dbname=czz;charset=utf8
[ sql ] [ SQL ] SHOW COLUMNS FROM `clt_deal` [ RunTime:0.004663s ]
[ sql ] [ SQL ] SELECT COUNT(*) AS tp_count FROM `clt_deal` LIMIT 1 [ RunTime:0.000335s ]
[ sql ] [ SQL ] SELECT * FROM `clt_deal` LIMIT 0,10 [ RunTime:0.000487s ]
---------------------------------------------------------------
[ 2018-11-16T14:41:30+08:00 ] 127.0.0.1 GET 127.0.0.1:8000/bis/deal/add.html
[运行时间：0.055407s] [吞吐率：18.05req/s] [内存消耗：3,157.11kb] [文件加载：89]
[ info ] [ LANG ] /Users/jon/Documents/项目汇总/车自主/thinkphp/lang/zh-cn.php
[ info ] [ ROUTE ] array (
)
[ info ] [ HEADER ] array (
  'host' => '127.0.0.1:8000',
  'connection' => 'keep-alive',
  'upgrade-insecure-requests' => '1',
  'user-agent' => 'Mozilla/5.0 (Macintosh; Intel Mac OS X 10_14_0) AppleWebKit/537.36 (KHTML, like Gecko) Chrome/70.0.3538.102 Safari/537.36',
  'accept' => 'text/html,application/xhtml+xml,application/xml;q=0.9,image/webp,image/apng,*/*;q=0.8',
  'referer' => 'http://127.0.0.1:8000/bis/index/index.html',
  'accept-encoding' => 'gzip, deflate, br',
  'accept-language' => 'zh-CN,zh;q=0.9',
  'cookie' => 'PHPSESSID=620948b09c9500e3480e438d72677331',
)
[ info ] [ PARAM ] array (
)
[ info ] [ DB ] INIT mysql
[ info ] [ VIEW ] /Users/jon/Documents/项目汇总/车自主/application/bis/view/deal/add.html [ array (
  0 => 'citys',
  1 => 'categorys',
  2 => 'bislocation',
  3 => 'server',
) ]
[ sql ] [ DB ] CONNECT:[ UseTime:0.000507s ] mysql:host=127.0.0.1;dbname=czz;charset=utf8
[ sql ] [ SQL ] SHOW COLUMNS FROM `clt_category` [ RunTime:0.003618s ]
[ sql ] [ SQL ] SELECT * FROM `clt_category` [ RunTime:0.000537s ]
[ sql ] [ SQL ] SHOW COLUMNS FROM `clt_city` [ RunTime:0.002759s ]
[ sql ] [ SQL ] SELECT * FROM `clt_city` WHERE  `status` = 1  AND `parent_id` = 0 ORDER BY `id` DESC [ RunTime:0.000557s ]
[ sql ] [ SQL ] SELECT * FROM `clt_category` WHERE  `status` = 1  AND `parent_id` = 0 ORDER BY `listoreder` DESC,`id` DESC [ RunTime:0.000456s ]
[ sql ] [ SQL ] SHOW COLUMNS FROM `clt_bislocation` [ RunTime:0.003378s ]
[ sql ] [ SQL ] SELECT * FROM `clt_bislocation` WHERE  `bis_id` = 100  AND `status` = 1 ORDER BY `id` DESC [ RunTime:0.000573s ]
[ error ] [8]未定义变量: category[/Users/jon/Documents/项目汇总/车自主/runtime/temp/dea59293eda4047ac468d10ce179cd5f.php:123]
---------------------------------------------------------------
[ 2018-11-16T14:41:31+08:00 ] 127.0.0.1 GET 127.0.0.1:8000/bis/deal/index.html
[运行时间：0.036460s] [吞吐率：27.43req/s] [内存消耗：3,090.66kb] [文件加载：84]
[ info ] [ LANG ] /Users/jon/Documents/项目汇总/车自主/thinkphp/lang/zh-cn.php
[ info ] [ ROUTE ] array (
)
[ info ] [ HEADER ] array (
  'host' => '127.0.0.1:8000',
  'connection' => 'keep-alive',
  'upgrade-insecure-requests' => '1',
  'user-agent' => 'Mozilla/5.0 (Macintosh; Intel Mac OS X 10_14_0) AppleWebKit/537.36 (KHTML, like Gecko) Chrome/70.0.3538.102 Safari/537.36',
  'accept' => 'text/html,application/xhtml+xml,application/xml;q=0.9,image/webp,image/apng,*/*;q=0.8',
  'referer' => 'http://127.0.0.1:8000/bis/index/index.html',
  'accept-encoding' => 'gzip, deflate, br',
  'accept-language' => 'zh-CN,zh;q=0.9',
  'cookie' => 'PHPSESSID=620948b09c9500e3480e438d72677331',
)
[ info ] [ PARAM ] array (
)
[ info ] [ DB ] INIT mysql
[ info ] [ VIEW ] /Users/jon/Documents/项目汇总/车自主/application/bis/view/deal/index.html [ array (
  0 => 'data',
) ]
[ sql ] [ DB ] CONNECT:[ UseTime:0.000448s ] mysql:host=127.0.0.1;dbname=czz;charset=utf8
[ sql ] [ SQL ] SHOW COLUMNS FROM `clt_deal` [ RunTime:0.003777s ]
[ sql ] [ SQL ] SELECT COUNT(*) AS tp_count FROM `clt_deal` LIMIT 1 [ RunTime:0.000471s ]
[ sql ] [ SQL ] SELECT * FROM `clt_deal` LIMIT 0,10 [ RunTime:0.000530s ]
---------------------------------------------------------------
[ 2018-11-16T14:41:32+08:00 ] 127.0.0.1 GET 127.0.0.1:8000/bis/deal/add.html
[运行时间：0.056645s] [吞吐率：17.65req/s] [内存消耗：3,157.11kb] [文件加载：89]
[ info ] [ LANG ] /Users/jon/Documents/项目汇总/车自主/thinkphp/lang/zh-cn.php
[ info ] [ ROUTE ] array (
)
[ info ] [ HEADER ] array (
  'host' => '127.0.0.1:8000',
  'connection' => 'keep-alive',
  'upgrade-insecure-requests' => '1',
  'user-agent' => 'Mozilla/5.0 (Macintosh; Intel Mac OS X 10_14_0) AppleWebKit/537.36 (KHTML, like Gecko) Chrome/70.0.3538.102 Safari/537.36',
  'accept' => 'text/html,application/xhtml+xml,application/xml;q=0.9,image/webp,image/apng,*/*;q=0.8',
  'referer' => 'http://127.0.0.1:8000/bis/index/index.html',
  'accept-encoding' => 'gzip, deflate, br',
  'accept-language' => 'zh-CN,zh;q=0.9',
  'cookie' => 'PHPSESSID=620948b09c9500e3480e438d72677331',
)
[ info ] [ PARAM ] array (
)
[ info ] [ DB ] INIT mysql
[ info ] [ VIEW ] /Users/jon/Documents/项目汇总/车自主/application/bis/view/deal/add.html [ array (
  0 => 'citys',
  1 => 'categorys',
  2 => 'bislocation',
  3 => 'server',
) ]
[ sql ] [ DB ] CONNECT:[ UseTime:0.000623s ] mysql:host=127.0.0.1;dbname=czz;charset=utf8
[ sql ] [ SQL ] SHOW COLUMNS FROM `clt_category` [ RunTime:0.004591s ]
[ sql ] [ SQL ] SELECT * FROM `clt_category` [ RunTime:0.000443s ]
[ sql ] [ SQL ] SHOW COLUMNS FROM `clt_city` [ RunTime:0.003008s ]
[ sql ] [ SQL ] SELECT * FROM `clt_city` WHERE  `status` = 1  AND `parent_id` = 0 ORDER BY `id` DESC [ RunTime:0.000872s ]
[ sql ] [ SQL ] SELECT * FROM `clt_category` WHERE  `status` = 1  AND `parent_id` = 0 ORDER BY `listoreder` DESC,`id` DESC [ RunTime:0.000977s ]
[ sql ] [ SQL ] SHOW COLUMNS FROM `clt_bislocation` [ RunTime:0.002838s ]
[ sql ] [ SQL ] SELECT * FROM `clt_bislocation` WHERE  `bis_id` = 100  AND `status` = 1 ORDER BY `id` DESC [ RunTime:0.000572s ]
[ error ] [8]未定义变量: category[/Users/jon/Documents/项目汇总/车自主/runtime/temp/dea59293eda4047ac468d10ce179cd5f.php:123]
---------------------------------------------------------------
[ 2018-11-16T14:41:32+08:00 ] 127.0.0.1 GET 127.0.0.1:8000/bis/deal/index.html
[运行时间：0.036746s] [吞吐率：27.21req/s] [内存消耗：3,090.66kb] [文件加载：84]
[ info ] [ LANG ] /Users/jon/Documents/项目汇总/车自主/thinkphp/lang/zh-cn.php
[ info ] [ ROUTE ] array (
)
[ info ] [ HEADER ] array (
  'host' => '127.0.0.1:8000',
  'connection' => 'keep-alive',
  'upgrade-insecure-requests' => '1',
  'user-agent' => 'Mozilla/5.0 (Macintosh; Intel Mac OS X 10_14_0) AppleWebKit/537.36 (KHTML, like Gecko) Chrome/70.0.3538.102 Safari/537.36',
  'accept' => 'text/html,application/xhtml+xml,application/xml;q=0.9,image/webp,image/apng,*/*;q=0.8',
  'referer' => 'http://127.0.0.1:8000/bis/index/index.html',
  'accept-encoding' => 'gzip, deflate, br',
  'accept-language' => 'zh-CN,zh;q=0.9',
  'cookie' => 'PHPSESSID=620948b09c9500e3480e438d72677331',
)
[ info ] [ PARAM ] array (
)
[ info ] [ DB ] INIT mysql
[ info ] [ VIEW ] /Users/jon/Documents/项目汇总/车自主/application/bis/view/deal/index.html [ array (
  0 => 'data',
) ]
[ sql ] [ DB ] CONNECT:[ UseTime:0.000572s ] mysql:host=127.0.0.1;dbname=czz;charset=utf8
[ sql ] [ SQL ] SHOW COLUMNS FROM `clt_deal` [ RunTime:0.003696s ]
[ sql ] [ SQL ] SELECT COUNT(*) AS tp_count FROM `clt_deal` LIMIT 1 [ RunTime:0.000377s ]
[ sql ] [ SQL ] SELECT * FROM `clt_deal` LIMIT 0,10 [ RunTime:0.000490s ]
---------------------------------------------------------------
[ 2018-11-16T14:42:50+08:00 ] 127.0.0.1 GET 127.0.0.1:8000/bis/deal/add.html
[运行时间：0.095942s] [吞吐率：10.42req/s] [内存消耗：3,157.11kb] [文件加载：89]
[ info ] [ LANG ] /Users/jon/Documents/项目汇总/车自主/thinkphp/lang/zh-cn.php
[ info ] [ ROUTE ] array (
)
[ info ] [ HEADER ] array (
  'host' => '127.0.0.1:8000',
  'connection' => 'keep-alive',
  'upgrade-insecure-requests' => '1',
  'user-agent' => 'Mozilla/5.0 (Macintosh; Intel Mac OS X 10_14_0) AppleWebKit/537.36 (KHTML, like Gecko) Chrome/70.0.3538.102 Safari/537.36',
  'accept' => 'text/html,application/xhtml+xml,application/xml;q=0.9,image/webp,image/apng,*/*;q=0.8',
  'referer' => 'http://127.0.0.1:8000/bis/index/index.html',
  'accept-encoding' => 'gzip, deflate, br',
  'accept-language' => 'zh-CN,zh;q=0.9',
  'cookie' => 'PHPSESSID=620948b09c9500e3480e438d72677331',
)
[ info ] [ PARAM ] array (
)
[ info ] [ DB ] INIT mysql
[ info ] [ VIEW ] /Users/jon/Documents/项目汇总/车自主/application/bis/view/deal/add.html [ array (
  0 => 'citys',
  1 => 'categorys',
  2 => 'bislocation',
  3 => 'server',
) ]
[ sql ] [ DB ] CONNECT:[ UseTime:0.000612s ] mysql:host=127.0.0.1;dbname=czz;charset=utf8
[ sql ] [ SQL ] SHOW COLUMNS FROM `clt_category` [ RunTime:0.004084s ]
[ sql ] [ SQL ] SELECT * FROM `clt_category` [ RunTime:0.000535s ]
[ sql ] [ SQL ] SHOW COLUMNS FROM `clt_city` [ RunTime:0.004165s ]
[ sql ] [ SQL ] SELECT * FROM `clt_city` WHERE  `status` = 1  AND `parent_id` = 0 ORDER BY `id` DESC [ RunTime:0.000504s ]
[ sql ] [ SQL ] SELECT * FROM `clt_category` WHERE  `status` = 1  AND `parent_id` = 0 ORDER BY `listoreder` DESC,`id` DESC [ RunTime:0.000490s ]
[ sql ] [ SQL ] SHOW COLUMNS FROM `clt_bislocation` [ RunTime:0.002932s ]
[ sql ] [ SQL ] SELECT * FROM `clt_bislocation` WHERE  `bis_id` = 100  AND `status` = 1 ORDER BY `id` DESC [ RunTime:0.000591s ]
[ error ] [8]未定义变量: category[/Users/jon/Documents/项目汇总/车自主/runtime/temp/dea59293eda4047ac468d10ce179cd5f.php:123]
---------------------------------------------------------------
[ 2018-11-16T14:42:51+08:00 ] 127.0.0.1 GET 127.0.0.1:8000/bis/deal/index.html
[运行时间：0.044405s] [吞吐率：22.52req/s] [内存消耗：3,090.66kb] [文件加载：84]
[ info ] [ LANG ] /Users/jon/Documents/项目汇总/车自主/thinkphp/lang/zh-cn.php
[ info ] [ ROUTE ] array (
)
[ info ] [ HEADER ] array (
  'host' => '127.0.0.1:8000',
  'connection' => 'keep-alive',
  'upgrade-insecure-requests' => '1',
  'user-agent' => 'Mozilla/5.0 (Macintosh; Intel Mac OS X 10_14_0) AppleWebKit/537.36 (KHTML, like Gecko) Chrome/70.0.3538.102 Safari/537.36',
  'accept' => 'text/html,application/xhtml+xml,application/xml;q=0.9,image/webp,image/apng,*/*;q=0.8',
  'referer' => 'http://127.0.0.1:8000/bis/index/index.html',
  'accept-encoding' => 'gzip, deflate, br',
  'accept-language' => 'zh-CN,zh;q=0.9',
  'cookie' => 'PHPSESSID=620948b09c9500e3480e438d72677331',
)
[ info ] [ PARAM ] array (
)
[ info ] [ DB ] INIT mysql
[ info ] [ VIEW ] /Users/jon/Documents/项目汇总/车自主/application/bis/view/deal/index.html [ array (
  0 => 'data',
) ]
[ sql ] [ DB ] CONNECT:[ UseTime:0.000538s ] mysql:host=127.0.0.1;dbname=czz;charset=utf8
[ sql ] [ SQL ] SHOW COLUMNS FROM `clt_deal` [ RunTime:0.003556s ]
[ sql ] [ SQL ] SELECT COUNT(*) AS tp_count FROM `clt_deal` LIMIT 1 [ RunTime:0.000419s ]
[ sql ] [ SQL ] SELECT * FROM `clt_deal` LIMIT 0,10 [ RunTime:0.000589s ]
---------------------------------------------------------------
[ 2018-11-16T14:43:59+08:00 ] 127.0.0.1 GET 127.0.0.1:8000/bis/deal/index.html
[运行时间：0.054381s] [吞吐率：18.39req/s] [内存消耗：3,090.66kb] [文件加载：84]
[ info ] [ LANG ] /Users/jon/Documents/项目汇总/车自主/thinkphp/lang/zh-cn.php
[ info ] [ ROUTE ] array (
)
[ info ] [ HEADER ] array (
  'host' => '127.0.0.1:8000',
  'connection' => 'keep-alive',
  'upgrade-insecure-requests' => '1',
  'user-agent' => 'Mozilla/5.0 (Macintosh; Intel Mac OS X 10_14_0) AppleWebKit/537.36 (KHTML, like Gecko) Chrome/70.0.3538.102 Safari/537.36',
  'accept' => 'text/html,application/xhtml+xml,application/xml;q=0.9,image/webp,image/apng,*/*;q=0.8',
  'referer' => 'http://127.0.0.1:8000/bis/index/index.html',
  'accept-encoding' => 'gzip, deflate, br',
  'accept-language' => 'zh-CN,zh;q=0.9',
  'cookie' => 'PHPSESSID=620948b09c9500e3480e438d72677331',
)
[ info ] [ PARAM ] array (
)
[ info ] [ DB ] INIT mysql
[ info ] [ VIEW ] /Users/jon/Documents/项目汇总/车自主/application/bis/view/deal/index.html [ array (
  0 => 'data',
) ]
[ sql ] [ DB ] CONNECT:[ UseTime:0.000733s ] mysql:host=127.0.0.1;dbname=czz;charset=utf8
[ sql ] [ SQL ] SHOW COLUMNS FROM `clt_deal` [ RunTime:0.003207s ]
[ sql ] [ SQL ] SELECT COUNT(*) AS tp_count FROM `clt_deal` LIMIT 1 [ RunTime:0.000362s ]
[ sql ] [ SQL ] SELECT * FROM `clt_deal` LIMIT 0,10 [ RunTime:0.001049s ]
---------------------------------------------------------------
[ 2018-11-16T14:44:04+08:00 ] 127.0.0.1 GET 127.0.0.1:8000/bis/deal/add.html
[运行时间：0.074671s] [吞吐率：13.39req/s] [内存消耗：3,157.11kb] [文件加载：89]
[ info ] [ LANG ] /Users/jon/Documents/项目汇总/车自主/thinkphp/lang/zh-cn.php
[ info ] [ ROUTE ] array (
)
[ info ] [ HEADER ] array (
  'host' => '127.0.0.1:8000',
  'connection' => 'keep-alive',
  'upgrade-insecure-requests' => '1',
  'user-agent' => 'Mozilla/5.0 (Macintosh; Intel Mac OS X 10_14_0) AppleWebKit/537.36 (KHTML, like Gecko) Chrome/70.0.3538.102 Safari/537.36',
  'accept' => 'text/html,application/xhtml+xml,application/xml;q=0.9,image/webp,image/apng,*/*;q=0.8',
  'referer' => 'http://127.0.0.1:8000/bis/index/index.html',
  'accept-encoding' => 'gzip, deflate, br',
  'accept-language' => 'zh-CN,zh;q=0.9',
  'cookie' => 'PHPSESSID=620948b09c9500e3480e438d72677331',
)
[ info ] [ PARAM ] array (
)
[ info ] [ DB ] INIT mysql
[ info ] [ VIEW ] /Users/jon/Documents/项目汇总/车自主/application/bis/view/deal/add.html [ array (
  0 => 'citys',
  1 => 'categorys',
  2 => 'bislocation',
  3 => 'server',
) ]
[ sql ] [ DB ] CONNECT:[ UseTime:0.000484s ] mysql:host=127.0.0.1;dbname=czz;charset=utf8
[ sql ] [ SQL ] SHOW COLUMNS FROM `clt_category` [ RunTime:0.003194s ]
[ sql ] [ SQL ] SELECT * FROM `clt_category` [ RunTime:0.000501s ]
[ sql ] [ SQL ] SHOW COLUMNS FROM `clt_city` [ RunTime:0.003876s ]
[ sql ] [ SQL ] SELECT * FROM `clt_city` WHERE  `status` = 1  AND `parent_id` = 0 ORDER BY `id` DESC [ RunTime:0.001179s ]
[ sql ] [ SQL ] SELECT * FROM `clt_category` WHERE  `status` = 1  AND `parent_id` = 0 ORDER BY `listoreder` DESC,`id` DESC [ RunTime:0.000562s ]
[ sql ] [ SQL ] SHOW COLUMNS FROM `clt_bislocation` [ RunTime:0.004306s ]
[ sql ] [ SQL ] SELECT * FROM `clt_bislocation` WHERE  `bis_id` = 100  AND `status` = 1 ORDER BY `id` DESC [ RunTime:0.000789s ]
[ error ] [8]未定义变量: category[/Users/jon/Documents/项目汇总/车自主/runtime/temp/dea59293eda4047ac468d10ce179cd5f.php:123]
---------------------------------------------------------------
[ 2018-11-16T14:44:29+08:00 ] 127.0.0.1 GET 127.0.0.1:8000/bis/deal/add.html
[运行时间：0.119606s] [吞吐率：8.36req/s] [内存消耗：3,156.69kb] [文件加载：89]
[ info ] [ LANG ] /Users/jon/Documents/项目汇总/车自主/thinkphp/lang/zh-cn.php
[ info ] [ ROUTE ] array (
)
[ info ] [ HEADER ] array (
  'host' => '127.0.0.1:8000',
  'connection' => 'keep-alive',
  'upgrade-insecure-requests' => '1',
  'user-agent' => 'Mozilla/5.0 (Macintosh; Intel Mac OS X 10_14_0) AppleWebKit/537.36 (KHTML, like Gecko) Chrome/70.0.3538.102 Safari/537.36',
  'accept' => 'text/html,application/xhtml+xml,application/xml;q=0.9,image/webp,image/apng,*/*;q=0.8',
  'accept-encoding' => 'gzip, deflate, br',
  'accept-language' => 'zh-CN,zh;q=0.9',
  'cookie' => 'PHPSESSID=620948b09c9500e3480e438d72677331',
)
[ info ] [ PARAM ] array (
)
[ info ] [ DB ] INIT mysql
[ info ] [ VIEW ] /Users/jon/Documents/项目汇总/车自主/application/bis/view/deal/add.html [ array (
  0 => 'citys',
  1 => 'categorys',
  2 => 'bislocation',
  3 => 'server',
) ]
[ sql ] [ DB ] CONNECT:[ UseTime:0.001177s ] mysql:host=127.0.0.1;dbname=czz;charset=utf8
[ sql ] [ SQL ] SHOW COLUMNS FROM `clt_category` [ RunTime:0.004844s ]
[ sql ] [ SQL ] SELECT * FROM `clt_category` [ RunTime:0.000573s ]
[ sql ] [ SQL ] SHOW COLUMNS FROM `clt_city` [ RunTime:0.004636s ]
[ sql ] [ SQL ] SELECT * FROM `clt_city` WHERE  `status` = 1  AND `parent_id` = 0 ORDER BY `id` DESC [ RunTime:0.001097s ]
[ sql ] [ SQL ] SELECT * FROM `clt_category` WHERE  `status` = 1  AND `parent_id` = 0 ORDER BY `listoreder` DESC,`id` DESC [ RunTime:0.000574s ]
[ sql ] [ SQL ] SHOW COLUMNS FROM `clt_bislocation` [ RunTime:0.005796s ]
[ sql ] [ SQL ] SELECT * FROM `clt_bislocation` WHERE  `bis_id` = 100  AND `status` = 1 ORDER BY `id` DESC [ RunTime:0.001433s ]
[ error ] [8]未定义变量: category[/Users/jon/Documents/项目汇总/车自主/runtime/temp/dea59293eda4047ac468d10ce179cd5f.php:123]
---------------------------------------------------------------
[ 2018-11-16T14:44:42+08:00 ] 127.0.0.1 GET 127.0.0.1:8000/bis/deal/index.html
[运行时间：0.073927s] [吞吐率：13.53req/s] [内存消耗：3,090.66kb] [文件加载：84]
[ info ] [ LANG ] /Users/jon/Documents/项目汇总/车自主/thinkphp/lang/zh-cn.php
[ info ] [ ROUTE ] array (
)
[ info ] [ HEADER ] array (
  'host' => '127.0.0.1:8000',
  'connection' => 'keep-alive',
  'upgrade-insecure-requests' => '1',
  'user-agent' => 'Mozilla/5.0 (Macintosh; Intel Mac OS X 10_14_0) AppleWebKit/537.36 (KHTML, like Gecko) Chrome/70.0.3538.102 Safari/537.36',
  'accept' => 'text/html,application/xhtml+xml,application/xml;q=0.9,image/webp,image/apng,*/*;q=0.8',
  'referer' => 'http://127.0.0.1:8000/bis/index/index.html',
  'accept-encoding' => 'gzip, deflate, br',
  'accept-language' => 'zh-CN,zh;q=0.9',
  'cookie' => 'PHPSESSID=620948b09c9500e3480e438d72677331',
)
[ info ] [ PARAM ] array (
)
[ info ] [ DB ] INIT mysql
[ info ] [ VIEW ] /Users/jon/Documents/项目汇总/车自主/application/bis/view/deal/index.html [ array (
  0 => 'data',
) ]
[ sql ] [ DB ] CONNECT:[ UseTime:0.000546s ] mysql:host=127.0.0.1;dbname=czz;charset=utf8
[ sql ] [ SQL ] SHOW COLUMNS FROM `clt_deal` [ RunTime:0.003349s ]
[ sql ] [ SQL ] SELECT COUNT(*) AS tp_count FROM `clt_deal` LIMIT 1 [ RunTime:0.000356s ]
[ sql ] [ SQL ] SELECT * FROM `clt_deal` LIMIT 0,10 [ RunTime:0.000569s ]
---------------------------------------------------------------
[ 2018-11-16T14:44:43+08:00 ] 127.0.0.1 GET 127.0.0.1:8000/bis/deal/add.html
[运行时间：0.064306s] [吞吐率：15.55req/s] [内存消耗：3,320.90kb] [文件加载：88]
[ info ] [ LANG ] /Users/jon/Documents/项目汇总/车自主/thinkphp/lang/zh-cn.php
[ info ] [ ROUTE ] array (
)
[ info ] [ HEADER ] array (
  'host' => '127.0.0.1:8000',
  'connection' => 'keep-alive',
  'upgrade-insecure-requests' => '1',
  'user-agent' => 'Mozilla/5.0 (Macintosh; Intel Mac OS X 10_14_0) AppleWebKit/537.36 (KHTML, like Gecko) Chrome/70.0.3538.102 Safari/537.36',
  'accept' => 'text/html,application/xhtml+xml,application/xml;q=0.9,image/webp,image/apng,*/*;q=0.8',
  'referer' => 'http://127.0.0.1:8000/bis/index/index.html',
  'accept-encoding' => 'gzip, deflate, br',
  'accept-language' => 'zh-CN,zh;q=0.9',
  'cookie' => 'PHPSESSID=620948b09c9500e3480e438d72677331',
)
[ info ] [ PARAM ] array (
)
[ info ] [ DB ] INIT mysql
[ info ] [ VIEW ] /Users/jon/Documents/项目汇总/车自主/application/bis/view/deal/add.html [ array (
  0 => 'citys',
  1 => 'categorys',
  2 => 'bislocation',
  3 => 'server',
) ]
[ sql ] [ DB ] CONNECT:[ UseTime:0.001257s ] mysql:host=127.0.0.1;dbname=czz;charset=utf8
[ sql ] [ SQL ] SHOW COLUMNS FROM `clt_category` [ RunTime:0.002758s ]
[ sql ] [ SQL ] SELECT * FROM `clt_category` [ RunTime:0.000629s ]
[ sql ] [ SQL ] SHOW COLUMNS FROM `clt_city` [ RunTime:0.003138s ]
[ sql ] [ SQL ] SELECT * FROM `clt_city` WHERE  `status` = 1  AND `parent_id` = 0 ORDER BY `id` DESC [ RunTime:0.000513s ]
[ sql ] [ SQL ] SELECT * FROM `clt_category` WHERE  `status` = 1  AND `parent_id` = 0 ORDER BY `listoreder` DESC,`id` DESC [ RunTime:0.000661s ]
[ sql ] [ SQL ] SHOW COLUMNS FROM `clt_bislocation` [ RunTime:0.003111s ]
[ sql ] [ SQL ] SELECT * FROM `clt_bislocation` WHERE  `bis_id` = 100  AND `status` = 1 ORDER BY `id` DESC [ RunTime:0.000655s ]
---------------------------------------------------------------
[ 2018-11-16T14:44:44+08:00 ] 127.0.0.1 GET 127.0.0.1:8000/index/maintenance/choosedata
[运行时间：0.149924s] [吞吐率：6.67req/s] [内存消耗：3,093.48kb] [文件加载：80]
[ info ] [ LANG ] /Users/jon/Documents/项目汇总/车自主/thinkphp/lang/zh-cn.php
[ info ] [ ROUTE ] array (
)
[ info ] [ HEADER ] array (
  'host' => '127.0.0.1:8000',
  'connection' => 'keep-alive',
  'accept' => 'application/json, text/plain, */*',
  'user-agent' => 'Mozilla/5.0 (Macintosh; Intel Mac OS X 10_14_0) AppleWebKit/537.36 (KHTML, like Gecko) Chrome/70.0.3538.102 Safari/537.36',
  'referer' => 'http://127.0.0.1:8000/bis/deal/add.html',
  'accept-encoding' => 'gzip, deflate, br',
  'accept-language' => 'zh-CN,zh;q=0.9',
  'cookie' => 'shop_info=%7B%22name%22%3A%22%u6881%u6CFD%u7965%22%2C%22phone%22%3A%2218577610926%22%2C%22bis_id%22%3A31%7D; carinfo=74; PHPSESSID=620948b09c9500e3480e438d72677331',
)
[ info ] [ PARAM ] array (
)
[ info ] [ DB ] INIT mysql
[ sql ] [ DB ] CONNECT:[ UseTime:0.000575s ] mysql:host=127.0.0.1;dbname=czz;charset=utf8
[ sql ] [ SQL ] SHOW COLUMNS FROM `clt_carbrand` [ RunTime:0.005597s ]
[ sql ] [ SQL ] SELECT * FROM `clt_carbrand` [ RunTime:0.001209s ]
[ sql ] [ SQL ] SHOW COLUMNS FROM `clt_manufactor` [ RunTime:0.005896s ]
[ sql ] [ SQL ] SELECT * FROM `clt_manufactor` WHERE  `brindid` IN (1,2,3,4,5,6,7,8,9,10,11,12,13,14,15,16,17,18,19,20,21,22,23,24,25,26,27,28,29,30,31,32,33,34,35,36,37,38,39,40,41,42,43,44,45,46,47,48,49,50,51,52,53,54,55,56,57,58,59,60,61,62,63,64,65,66,67,68,69,70,71,72,73,74,75,76,77,78,79,80,81,82,83,84,85,86,87,88,89,90,91,92,93,94,95,96,97,98,99,100,101,102,103,104,105,106,107,108,109,110,111,112,113,114,115,116,117,118,119,120,121,122,123,124,125,126,127) [ RunTime:0.002795s ]
---------------------------------------------------------------
[ 2018-11-16T14:44:48+08:00 ] 127.0.0.1 GET 127.0.0.1:8000/index/maintenance/carmodels?id=4
[运行时间：0.060591s] [吞吐率：16.50req/s] [内存消耗：2,925.13kb] [文件加载：77]
[ info ] [ LANG ] /Users/jon/Documents/项目汇总/车自主/thinkphp/lang/zh-cn.php
[ info ] [ ROUTE ] array (
)
[ info ] [ HEADER ] array (
  'host' => '127.0.0.1:8000',
  'connection' => 'keep-alive',
  'accept' => 'application/json, text/plain, */*',
  'user-agent' => 'Mozilla/5.0 (Macintosh; Intel Mac OS X 10_14_0) AppleWebKit/537.36 (KHTML, like Gecko) Chrome/70.0.3538.102 Safari/537.36',
  'referer' => 'http://127.0.0.1:8000/bis/deal/add.html',
  'accept-encoding' => 'gzip, deflate, br',
  'accept-language' => 'zh-CN,zh;q=0.9',
  'cookie' => 'shop_info=%7B%22name%22%3A%22%u6881%u6CFD%u7965%22%2C%22phone%22%3A%2218577610926%22%2C%22bis_id%22%3A31%7D; carinfo=74; PHPSESSID=620948b09c9500e3480e438d72677331',
)
[ info ] [ PARAM ] array (
  'id' => '4',
)
[ info ] [ DB ] INIT mysql
[ sql ] [ DB ] CONNECT:[ UseTime:0.000410s ] mysql:host=127.0.0.1;dbname=czz;charset=utf8
[ sql ] [ SQL ] SHOW COLUMNS FROM `clt_carmodels` [ RunTime:0.004838s ]
[ sql ] [ SQL ] SELECT * FROM `clt_carmodels` WHERE  `mid` = 4 [ RunTime:0.013703s ]
---------------------------------------------------------------
[ 2018-11-16T14:44:50+08:00 ] 127.0.0.1 GET 127.0.0.1:8000/index/maintenance/carinfo?id=75
[运行时间：0.070835s] [吞吐率：14.12req/s] [内存消耗：2,927.13kb] [文件加载：77]
[ info ] [ LANG ] /Users/jon/Documents/项目汇总/车自主/thinkphp/lang/zh-cn.php
[ info ] [ ROUTE ] array (
)
[ info ] [ HEADER ] array (
  'host' => '127.0.0.1:8000',
  'connection' => 'keep-alive',
  'accept' => 'application/json, text/plain, */*',
  'user-agent' => 'Mozilla/5.0 (Macintosh; Intel Mac OS X 10_14_0) AppleWebKit/537.36 (KHTML, like Gecko) Chrome/70.0.3538.102 Safari/537.36',
  'referer' => 'http://127.0.0.1:8000/bis/deal/add.html',
  'accept-encoding' => 'gzip, deflate, br',
  'accept-language' => 'zh-CN,zh;q=0.9',
  'cookie' => 'shop_info=%7B%22name%22%3A%22%u6881%u6CFD%u7965%22%2C%22phone%22%3A%2218577610926%22%2C%22bis_id%22%3A31%7D; carinfo=74; PHPSESSID=620948b09c9500e3480e438d72677331',
)
[ info ] [ PARAM ] array (
  'id' => '75',
)
[ info ] [ DB ] INIT mysql
[ sql ] [ DB ] CONNECT:[ UseTime:0.000626s ] mysql:host=127.0.0.1;dbname=czz;charset=utf8
[ sql ] [ SQL ] SHOW COLUMNS FROM `clt_carinfo` [ RunTime:0.004515s ]
[ sql ] [ SQL ] SELECT * FROM `clt_carinfo` WHERE  `ModelsID` = 75 [ RunTime:0.021902s ]
